<?xml version="1.0" encoding="UTF-8"?>
<!-- Generated by org.testng.reporters.JUnitReportReporter -->
<testsuite hostname="DESKTOP-2VDIUSM" failures="0" tests="1" name="Settings" time="11.482" errors="0" timestamp="2024-12-14T15:19:02 IST" skipped="0">
  <testcase classname="Settings" name="three" time="11.482"/>
  <system-out/>
</testsuite> <!-- Settings -->
